2026-02-01 16:17:41,025 [Global] - AccountingAgent - ERROR - 自愈扫描异常: tuple index out of range
Traceback (most recent call last):
  File "/Users/yongjunwu/trea/myAgent/src/agents/accounting_agent.py", line 339, in run
    tasks = conn.execute(sql).fetchall()
            ^^^^^^^^^^^^^^^^^
  File "/Users/yongjunwu/trea/myAgent/src/core/db_base.py", line 98, in execute
    cur.execute(sql, params)
  File "/opt/miniconda3/envs/llm/lib/python3.11/site-packages/psycopg2/extras.py", line 146, in execute
    return super().execute(query, vars)
           ^^^^^^^^^^^^^^^^^^^^^^^^^^^^
IndexError: tuple index out of range
2026-02-01 16:17:48,799 [Global] - InteractionHub - ERROR - Hub 轮询异常: function datetime(unknown, unknown) does not exist
LINE 5:                         AND created_at > datetime('now', '-3...
                                                 ^
HINT:  No function matches the given name and argument types. You might need to add explicit type casts.

2026-02-01 16:17:48,830 [Global] - MatchEngine - ERROR - 证据追索任务异常: function datetime(timestamp without time zone) does not exist
LINE 5:                     AND datetime(created_at) < datetime('now...
                                ^
HINT:  No function matches the given name and argument types. You might need to add explicit type casts.

2026-02-01 16:17:50,688 [Global] - AccountingAgent - ERROR - 自愈扫描异常: tuple index out of range
Traceback (most recent call last):
  File "/Users/yongjunwu/trea/myAgent/src/agents/accounting_agent.py", line 339, in run
    tasks = conn.execute(sql).fetchall()
            ^^^^^^^^^^^^^^^^^
  File "/Users/yongjunwu/trea/myAgent/src/core/db_base.py", line 98, in execute
    cur.execute(sql, params)
  File "/opt/miniconda3/envs/llm/lib/python3.11/site-packages/psycopg2/extras.py", line 146, in execute
    return super().execute(query, vars)
           ^^^^^^^^^^^^^^^^^^^^^^^^^^^^
IndexError: tuple index out of range
2026-02-01 16:17:51,521 [Global] - InteractionHub - ERROR - Hub 轮询异常: function datetime(unknown, unknown) does not exist
LINE 5:                         AND created_at > datetime('now', '-3...
                                                 ^
HINT:  No function matches the given name and argument types. You might need to add explicit type casts.

2026-02-01 16:17:51,542 [Global] - MatchEngine - ERROR - 证据追索任务异常: function datetime(timestamp without time zone) does not exist
LINE 5:                     AND datetime(created_at) < datetime('now...
                                ^
HINT:  No function matches the given name and argument types. You might need to add explicit type casts.

2026-02-01 16:17:53,331 [Global] - AccountingAgent - ERROR - 自愈扫描异常: tuple index out of range
Traceback (most recent call last):
  File "/Users/yongjunwu/trea/myAgent/src/agents/accounting_agent.py", line 339, in run
    tasks = conn.execute(sql).fetchall()
            ~~~~~~~~~~~~^^^^^
  File "/Users/yongjunwu/trea/myAgent/src/core/db_base.py", line 98, in execute
    cur.execute(sql, params)
    ~~~~~~~~~~~^^^^^^^^^^^^^
  File "/Users/yongjunwu/trea/myAgent/venv/lib/python3.14/site-packages/psycopg2/extras.py", line 146, in execute
    return super().execute(query, vars)
           ~~~~~~~~~~~~~~~^^^^^^^^^^^^^
IndexError: tuple index out of range
2026-02-01 16:17:53,805 [Global] - InteractionHub - ERROR - Hub 轮询异常: function datetime(unknown, unknown) does not exist
LINE 5:                         AND created_at > datetime('now', '-3...
                                                 ^
HINT:  No function matches the given name and argument types. You might need to add explicit type casts.

2026-02-01 16:17:56,596 [Global] - InteractionHub - ERROR - Hub 轮询异常: function datetime(unknown, unknown) does not exist
LINE 5:                         AND created_at > datetime('now', '-3...
                                                 ^
HINT:  No function matches the given name and argument types. You might need to add explicit type casts.

2026-02-01 16:17:58,862 [Global] - InteractionHub - ERROR - 主动任务检查失败: column "updated_at" does not exist
LINE 1: ... FROM transactions WHERE (status = 'REJECTED' AND updated_at...
                                                             ^
HINT:  Perhaps you meant to reference the column "transactions.created_at".

2026-02-01 16:17:58,900 [Global] - MatchEngine - ERROR - 证据追索任务异常: function datetime(timestamp without time zone) does not exist
LINE 5:                     AND datetime(created_at) < datetime('now...
                                ^
HINT:  No function matches the given name and argument types. You might need to add explicit type casts.

2026-02-01 16:18:00,959 [Global] - AccountingAgent - ERROR - 自愈扫描异常: tuple index out of range
Traceback (most recent call last):
  File "/Users/yongjunwu/trea/myAgent/src/agents/accounting_agent.py", line 339, in run
    tasks = conn.execute(sql).fetchall()
            ^^^^^^^^^^^^^^^^^
  File "/Users/yongjunwu/trea/myAgent/src/core/db_base.py", line 98, in execute
    cur.execute(sql, params)
  File "/opt/miniconda3/envs/llm/lib/python3.11/site-packages/psycopg2/extras.py", line 146, in execute
    return super().execute(query, vars)
           ^^^^^^^^^^^^^^^^^^^^^^^^^^^^
IndexError: tuple index out of range
2026-02-01 16:18:19,136 [Global] - InteractionHub - ERROR - 主动任务检查失败: column "updated_at" does not exist
LINE 1: ... FROM transactions WHERE (status = 'REJECTED' AND updated_at...
                                                             ^
HINT:  Perhaps you meant to reference the column "transactions.created_at".

2026-02-01 16:18:21,347 [Global] - AccountingAgent - ERROR - 自愈扫描异常: operator does not exist: jsonb !~~ unknown
LINE 6:                         AND inference_log NOT LIKE '%RECOVER...
                                                  ^
HINT:  No operator matches the given name and argument types. You might need to add explicit type casts.
Traceback (most recent call last):
  File "/Users/yongjunwu/trea/myAgent/src/agents/accounting_agent.py", line 339, in run
    tasks = conn.execute(sql).fetchall()
            ^^^^^^^^^^^^^^^^^
  File "/Users/yongjunwu/trea/myAgent/src/core/db_base.py", line 98, in execute
    cur.execute(sql, params)
  File "/opt/miniconda3/envs/llm/lib/python3.11/site-packages/psycopg2/extras.py", line 146, in execute
    return super().execute(query, vars)
           ^^^^^^^^^^^^^^^^^^^^^^^^^^^^
psycopg2.errors.UndefinedFunction: operator does not exist: jsonb !~~ unknown
LINE 6:                         AND inference_log NOT LIKE '%RECOVER...
                                                  ^
HINT:  No operator matches the given name and argument types. You might need to add explicit type casts.

2026-02-01 16:18:52,187 [Global] - InteractionHub - ERROR - 主动任务检查失败: column "updated_at" does not exist
LINE 1: ... FROM transactions WHERE (status = 'REJECTED' AND updated_at...
                                                             ^
HINT:  Perhaps you meant to reference the column "transactions.created_at".

2026-02-01 16:18:53,977 [Global] - AccountingAgent - ERROR - 自愈扫描异常: operator does not exist: jsonb !~~ unknown
LINE 6:                         AND inference_log NOT LIKE '%RECOVER...
                                                  ^
HINT:  No operator matches the given name and argument types. You might need to add explicit type casts.
Traceback (most recent call last):
  File "/Users/yongjunwu/trea/myAgent/src/agents/accounting_agent.py", line 339, in run
    tasks = conn.execute(sql).fetchall()
            ~~~~~~~~~~~~^^^^^
  File "/Users/yongjunwu/trea/myAgent/src/core/db_base.py", line 98, in execute
    cur.execute(sql, params)
    ~~~~~~~~~~~^^^^^^^^^^^^^
  File "/Users/yongjunwu/trea/myAgent/venv/lib/python3.14/site-packages/psycopg2/extras.py", line 146, in execute
    return super().execute(query, vars)
           ~~~~~~~~~~~~~~~^^^^^^^^^^^^^
psycopg2.errors.UndefinedFunction: operator does not exist: jsonb !~~ unknown
LINE 6:                         AND inference_log NOT LIKE '%RECOVER...
                                                  ^
HINT:  No operator matches the given name and argument types. You might need to add explicit type casts.

2026-02-01 16:18:59,567 [Global] - InteractionHub - ERROR - 主动任务检查失败: column "updated_at" does not exist
LINE 1: ... FROM transactions WHERE (status = 'REJECTED' AND updated_at...
                                                             ^
HINT:  Perhaps you meant to reference the column "transactions.created_at".

2026-02-01 16:19:01,865 [Global] - AccountingAgent - ERROR - 自愈扫描异常: operator does not exist: jsonb !~~ unknown
LINE 6:                         AND inference_log NOT LIKE '%RECOVER...
                                                  ^
HINT:  No operator matches the given name and argument types. You might need to add explicit type casts.
Traceback (most recent call last):
  File "/Users/yongjunwu/trea/myAgent/src/agents/accounting_agent.py", line 339, in run
    tasks = conn.execute(sql).fetchall()
            ^^^^^^^^^^^^^^^^^
  File "/Users/yongjunwu/trea/myAgent/src/core/db_base.py", line 98, in execute
    cur.execute(sql, params)
  File "/opt/miniconda3/envs/llm/lib/python3.11/site-packages/psycopg2/extras.py", line 146, in execute
    return super().execute(query, vars)
           ^^^^^^^^^^^^^^^^^^^^^^^^^^^^
psycopg2.errors.UndefinedFunction: operator does not exist: jsonb !~~ unknown
LINE 6:                         AND inference_log NOT LIKE '%RECOVER...
                                                  ^
HINT:  No operator matches the given name and argument types. You might need to add explicit type casts.

2026-02-01 16:19:24,203 [Global] - MasterDaemon - ERROR - 定时指标更新失败: name 'log' is not defined
2026-02-01 16:19:24,498 [Global] - InteractionHub - ERROR - 主动任务检查失败: column "updated_at" does not exist
LINE 1: ... FROM transactions WHERE (status = 'REJECTED' AND updated_at...
                                                             ^
HINT:  Perhaps you meant to reference the column "transactions.created_at".

2026-02-01 16:19:26,585 [Global] - AccountingAgent - ERROR - 自愈扫描异常: operator does not exist: jsonb !~~ unknown
LINE 6:                         AND inference_log NOT LIKE '%RECOVER...
                                                  ^
HINT:  No operator matches the given name and argument types. You might need to add explicit type casts.
Traceback (most recent call last):
  File "/Users/yongjunwu/trea/myAgent/src/agents/accounting_agent.py", line 339, in run
    tasks = conn.execute(sql).fetchall()
            ^^^^^^^^^^^^^^^^^
  File "/Users/yongjunwu/trea/myAgent/src/core/db_base.py", line 98, in execute
    cur.execute(sql, params)
  File "/opt/miniconda3/envs/llm/lib/python3.11/site-packages/psycopg2/extras.py", line 146, in execute
    return super().execute(query, vars)
           ^^^^^^^^^^^^^^^^^^^^^^^^^^^^
psycopg2.errors.UndefinedFunction: operator does not exist: jsonb !~~ unknown
LINE 6:                         AND inference_log NOT LIKE '%RECOVER...
                                                  ^
HINT:  No operator matches the given name and argument types. You might need to add explicit type casts.

2026-02-01 16:19:34,381 [Global] - MasterDaemon - ERROR - 定时指标更新失败: name 'log' is not defined
2026-02-01 16:19:34,679 [Global] - InteractionHub - ERROR - 主动任务检查失败: column "updated_at" does not exist
LINE 1: ... FROM transactions WHERE (status = 'REJECTED' AND updated_at...
                                                             ^
HINT:  Perhaps you meant to reference the column "transactions.created_at".

2026-02-01 16:19:36,493 [Global] - AccountingAgent - ERROR - 自愈扫描异常: operator does not exist: jsonb !~~ unknown
LINE 6:                         AND inference_log NOT LIKE '%RECOVER...
                                                  ^
HINT:  No operator matches the given name and argument types. You might need to add explicit type casts.
Traceback (most recent call last):
  File "/Users/yongjunwu/trea/myAgent/src/agents/accounting_agent.py", line 339, in run
    tasks = conn.execute(sql).fetchall()
            ^^^^^^^^^^^^^^^^^
  File "/Users/yongjunwu/trea/myAgent/src/core/db_base.py", line 98, in execute
    cur.execute(sql, params)
  File "/opt/miniconda3/envs/llm/lib/python3.11/site-packages/psycopg2/extras.py", line 146, in execute
    return super().execute(query, vars)
           ^^^^^^^^^^^^^^^^^^^^^^^^^^^^
psycopg2.errors.UndefinedFunction: operator does not exist: jsonb !~~ unknown
LINE 6:                         AND inference_log NOT LIKE '%RECOVER...
                                                  ^
HINT:  No operator matches the given name and argument types. You might need to add explicit type casts.

2026-02-01 16:19:46,796 [Global] - MasterDaemon - ERROR - 定时指标更新失败: name 'log' is not defined
2026-02-01 16:19:47,095 [Global] - InteractionHub - ERROR - 主动任务检查失败: column "file_path" does not exist
LINE 1: ...- interval '1 minute') OR (status = 'PENDING' AND file_path ...
                                                             ^

2026-02-01 16:19:49,106 [Global] - AccountingAgent - ERROR - 自愈扫描异常: operator does not exist: jsonb !~~ unknown
LINE 6:                         AND inference_log NOT LIKE '%RECOVER...
                                                  ^
HINT:  No operator matches the given name and argument types. You might need to add explicit type casts.
Traceback (most recent call last):
  File "/Users/yongjunwu/trea/myAgent/src/agents/accounting_agent.py", line 339, in run
    tasks = conn.execute(sql).fetchall()
            ^^^^^^^^^^^^^^^^^
  File "/Users/yongjunwu/trea/myAgent/src/core/db_base.py", line 98, in execute
    cur.execute(sql, params)
  File "/opt/miniconda3/envs/llm/lib/python3.11/site-packages/psycopg2/extras.py", line 146, in execute
    return super().execute(query, vars)
           ^^^^^^^^^^^^^^^^^^^^^^^^^^^^
psycopg2.errors.UndefinedFunction: operator does not exist: jsonb !~~ unknown
LINE 6:                         AND inference_log NOT LIKE '%RECOVER...
                                                  ^
HINT:  No operator matches the given name and argument types. You might need to add explicit type casts.

2026-02-01 16:19:52,845 [Global] - InteractionHub - ERROR - 主动任务检查失败: column "file_path" does not exist
LINE 1: ...- interval '1 minute') OR (status = 'PENDING' AND file_path ...
                                                             ^

2026-02-01 16:19:54,651 [Global] - AccountingAgent - ERROR - 自愈扫描异常: operator does not exist: jsonb !~~ unknown
LINE 6:                         AND inference_log NOT LIKE '%RECOVER...
                                                  ^
HINT:  No operator matches the given name and argument types. You might need to add explicit type casts.
Traceback (most recent call last):
  File "/Users/yongjunwu/trea/myAgent/src/agents/accounting_agent.py", line 339, in run
    tasks = conn.execute(sql).fetchall()
            ~~~~~~~~~~~~^^^^^
  File "/Users/yongjunwu/trea/myAgent/src/core/db_base.py", line 98, in execute
    cur.execute(sql, params)
    ~~~~~~~~~~~^^^^^^^^^^^^^
  File "/Users/yongjunwu/trea/myAgent/venv/lib/python3.14/site-packages/psycopg2/extras.py", line 146, in execute
    return super().execute(query, vars)
           ~~~~~~~~~~~~~~~^^^^^^^^^^^^^
psycopg2.errors.UndefinedFunction: operator does not exist: jsonb !~~ unknown
LINE 6:                         AND inference_log NOT LIKE '%RECOVER...
                                                  ^
HINT:  No operator matches the given name and argument types. You might need to add explicit type casts.

2026-02-01 16:19:56,974 [Global] - MasterDaemon - ERROR - 定时指标更新失败: name 'log' is not defined
2026-02-01 16:19:57,373 [Global] - InteractionHub - ERROR - 主动任务检查失败: column "file_path" does not exist
LINE 1: ...- interval '1 minute') OR (status = 'PENDING' AND file_path ...
                                                             ^

2026-02-01 16:20:00,366 [Global] - AccountingAgent - ERROR - 自愈扫描异常: operator does not exist: jsonb !~~ unknown
LINE 6:                         AND inference_log NOT LIKE '%RECOVER...
                                                  ^
HINT:  No operator matches the given name and argument types. You might need to add explicit type casts.
Traceback (most recent call last):
  File "/Users/yongjunwu/trea/myAgent/src/agents/accounting_agent.py", line 339, in run
    tasks = conn.execute(sql).fetchall()
            ^^^^^^^^^^^^^^^^^
  File "/Users/yongjunwu/trea/myAgent/src/core/db_base.py", line 98, in execute
    cur.execute(sql, params)
  File "/opt/miniconda3/envs/llm/lib/python3.11/site-packages/psycopg2/extras.py", line 146, in execute
    return super().execute(query, vars)
           ^^^^^^^^^^^^^^^^^^^^^^^^^^^^
psycopg2.errors.UndefinedFunction: operator does not exist: jsonb !~~ unknown
LINE 6:                         AND inference_log NOT LIKE '%RECOVER...
                                                  ^
HINT:  No operator matches the given name and argument types. You might need to add explicit type casts.

2026-02-01 16:20:00,412 [Global] - InteractionHub - ERROR - 主动任务检查失败: column "file_path" does not exist
LINE 1: ...- interval '1 minute') OR (status = 'PENDING' AND file_path ...
                                                             ^

2026-02-01 16:20:07,157 [Global] - MasterDaemon - ERROR - 定时指标更新失败: name 'log' is not defined
2026-02-01 16:20:46,199 [Global] - MasterDaemon - ERROR - 定时指标更新失败: name 'log' is not defined
2026-02-01 16:20:56,431 [Global] - MasterDaemon - ERROR - 定时指标更新失败: name 'log' is not defined
2026-02-01 16:20:58,026 [Global] - MasterDaemon - ERROR - 系统已在运行 (PID: 47603)，请勿重复启动！
2026-02-01 16:21:06,659 [Global] - MasterDaemon - ERROR - 定时指标更新失败: name 'log' is not defined
2026-02-01 16:21:16,895 [Global] - MasterDaemon - ERROR - 定时指标更新失败: name 'log' is not defined
2026-02-01 16:21:27,045 [Global] - MasterDaemon - ERROR - 定时指标更新失败: name 'log' is not defined
2026-02-01 16:21:37,188 [Global] - MasterDaemon - ERROR - 定时指标更新失败: name 'log' is not defined
2026-02-01 16:21:47,275 [Global] - MasterDaemon - ERROR - 定时指标更新失败: name 'log' is not defined
2026-02-01 16:21:57,210 [Global] - MasterDaemon - ERROR - 定时指标更新失败: name 'log' is not defined
2026-02-01 16:21:57,460 [Global] - MasterDaemon - ERROR - 定时指标更新失败: name 'log' is not defined
2026-02-01 16:22:07,439 [Global] - MasterDaemon - ERROR - 定时指标更新失败: name 'log' is not defined
2026-02-01 16:22:07,632 [Global] - MasterDaemon - ERROR - 定时指标更新失败: name 'log' is not defined
2026-02-01 16:22:17,575 [Global] - MasterDaemon - ERROR - 定时指标更新失败: name 'log' is not defined
2026-02-01 16:22:17,696 [Global] - MasterDaemon - ERROR - 定时指标更新失败: name 'log' is not defined
2026-02-01 16:22:27,738 [Global] - MasterDaemon - ERROR - 定时指标更新失败: name 'log' is not defined
2026-02-01 16:22:27,741 [Global] - MasterDaemon - ERROR - 定时指标更新失败: name 'log' is not defined
2026-02-01 16:22:42,730 [Global] - MasterDaemon - ERROR - 定时指标更新失败: name 'log' is not defined
2026-02-01 16:22:46,837 [Global] - MasterDaemon - ERROR - 系统已在运行 (PID: 49217)，请勿重复启动！
